<?xml version="1.0" encoding="UTF-8"?><testsuite errors="1" failures="0" name="tests.ApiTestingTests" skipped="0" tests="1" time="0.0" timestamp="2019-03-20T20:04:14.509-04:00[America/New_York]"><testcase classname="tests.ApiTestingTests" name="Initialisation"><error message="Unresolved compilation problem: &#10;" type="java.lang.Error">Unresolved compilation problem: 
</error><system-err>Unresolved compilation problem: 

tests.ApiTestingTests.setBaseUri(ApiTestingTests.java:36)
org.eclipse.jdt.internal.junit4.runner.JUnit4TestReference.run(JUnit4TestReference.java:50)
org.eclipse.jdt.internal.junit.runner.TestExecution.run(TestExecution.java:38)
org.eclipse.jdt.internal.junit.runner.RemoteTestRunner.runTests(RemoteTestRunner.java:459)
org.eclipse.jdt.internal.junit.runner.RemoteTestRunner.runTests(RemoteTestRunner.java:675)
org.eclipse.jdt.internal.junit.runner.RemoteTestRunner.run(RemoteTestRunner.java:382)
org.eclipse.jdt.internal.junit.runner.RemoteTestRunner.main(RemoteTestRunner.java:192)
</system-err></testcase></testsuite>